<?xml version="1.0" encoding="UTF-8"?>
<testsuite xmlns:xsi="http://www.w3.org/2001/XMLSchema-instance" xsi:noNamespaceSchemaLocation="https://maven.apache.org/surefire/maven-surefire-plugin/xsd/surefire-test-report-3.0.xsd" version="3.0" name="it.simulatore.bollette.diag.NamingDiagTest" time="10.313" tests="1" errors="0" skipped="0" failures="0">
  <properties>
[...]
</properties>
  <testcase name="dump" classname="it.simulatore.bollette.diag.NamingDiagTest" time="0.764">
    <system-out><![CDATA[09:39:17.460 [main] INFO org.springframework.test.context.support.AnnotationConfigContextLoaderUtils -- Could not detect default configuration classes for test class [it.simulatore.bollette.diag.NamingDiagTest]: NamingDiagTest does not declare any static, non-private, non-final, nested classes annotated with @Configuration.
09:39:17.577 [main] INFO org.springframework.boot.test.context.SpringBootTestContextBootstrapper -- Found @SpringBootConfiguration it.simulatore.bollette.SimulatoreBolletteApplication for test class it.simulatore.bollette.diag.NamingDiagTest

  .   ____          _            __ _ _
 /\\ / ___'_ __ _ _(_)_ __  __ _ \ \ \ \
( ( )\___ | '_ | '_| | '_ \/ _` | \ \ \ \
 \\/  ___)| |_)| | | | | || (_| |  ) ) ) )
  '  |____| .__|_| |_|_| |_\__, | / / / /
 =========|_|==============|___/=/_/_/_/
 :: Spring Boot ::                (v3.2.0)

2026-07-24T09:39:18.113Z  INFO 15388 --- [           main] i.s.bollette.diag.NamingDiagTest         : Starting NamingDiagTest using Java 21.0.10 with PID 15388 (started by root in /home/user/SimulatoreBolette/backend)
2026-07-24T09:39:18.115Z  INFO 15388 --- [           main] i.s.bollette.diag.NamingDiagTest         : No active profile set, falling back to 1 default profile: "default"
2026-07-24T09:39:19.411Z  INFO 15388 --- [           main] .s.d.r.c.RepositoryConfigurationDelegate : Bootstrapping Spring Data JPA repositories in DEFAULT mode.
2026-07-24T09:39:19.493Z  INFO 15388 --- [           main] .s.d.r.c.RepositoryConfigurationDelegate : Finished Spring Data repository scanning in 73 ms. Found 9 JPA repository interfaces.
2026-07-24T09:39:20.420Z  INFO 15388 --- [           main] o.hibernate.jpa.internal.util.LogHelper  : HHH000204: Processing PersistenceUnitInfo [name: default]
2026-07-24T09:39:20.499Z  INFO 15388 --- [           main] org.hibernate.Version                    : HHH000412: Hibernate ORM core version 6.3.1.Final
2026-07-24T09:39:20.537Z  INFO 15388 --- [           main] o.h.c.internal.RegionFactoryInitiator    : HHH000026: Second-level cache disabled
2026-07-24T09:39:20.745Z  INFO 15388 --- [           main] o.s.o.j.p.SpringPersistenceUnitInfo      : No LoadTimeWeaver setup: ignoring JPA class transformer
2026-07-24T09:39:20.784Z  INFO 15388 --- [           main] com.zaxxer.hikari.HikariDataSource       : HikariPool-1 - Starting...
2026-07-24T09:39:20.976Z  INFO 15388 --- [           main] com.zaxxer.hikari.pool.HikariPool        : HikariPool-1 - Added connection conn0: url=jdbc:h2:mem:diag2 user=SA
2026-07-24T09:39:20.977Z  INFO 15388 --- [           main] com.zaxxer.hikari.HikariDataSource       : HikariPool-1 - Start completed.
2026-07-24T09:39:21.002Z  WARN 15388 --- [           main] org.hibernate.dialect.Dialect            : HHH000511: The 2.2.0 version for [org.hibernate.dialect.PostgreSQLDialect] is no longer supported, hence certain features may not work properly. The minimum supported version is 11.0.0. Check the community dialects project for available legacy versions.
2026-07-24T09:39:21.007Z  WARN 15388 --- [           main] org.hibernate.orm.deprecation            : HHH90000025: PostgreSQLDialect does not need to be specified explicitly using 'hibernate.dialect' (remove the property setting and it will be selected by default)
2026-07-24T09:39:22.369Z  INFO 15388 --- [           main] o.h.e.t.j.p.i.JtaPlatformInitiator       : HHH000489: No JTA platform available (set 'hibernate.transaction.jta.platform' to enable JTA platform integration)
2026-07-24T09:39:22.465Z  INFO 15388 --- [           main] j.LocalContainerEntityManagerFactoryBean : Initialized JPA EntityManagerFactory for persistence unit 'default'
2026-07-24T09:39:23.028Z  INFO 15388 --- [           main] o.s.d.j.r.query.QueryEnhancerFactory     : Hibernate is in classpath; If applicable, HQL parser will be used.
2026-07-24T09:39:24.523Z  WARN 15388 --- [           main] JpaBaseConfiguration$JpaWebConfiguration : spring.jpa.open-in-view is enabled by default. Therefore, database queries may be performed during view rendering. Explicitly configure spring.jpa.open-in-view to disable this warning
2026-07-24T09:39:26.278Z  INFO 15388 --- [           main] o.s.b.a.e.web.EndpointLinksResolver      : Exposing 1 endpoint(s) beneath base path '/actuator'
2026-07-24T09:39:26.371Z  INFO 15388 --- [           main] i.s.bollette.diag.NamingDiagTest         : Started NamingDiagTest in 8.629 seconds (process running for 9.682)
TBL parametri_arera :: created_at,descrizione,id,nome_parametro,unita_misura,valido_al,valido_dal,valore
TBL pun_mensile :: 
TBL offerte :: attiva,condizioni_speciali,created_at,id,nome_fornitore,nome_offerta,pcv_annuo,prezzo_fissof0,prezzo_fissof1,prezzo_fissof2,prezzo_fissof23,prezzo_fissof3,spread_punf0,spread_punf1,spread_punf2,spread_punf23,spread_punf3,tipo_offerta,tipo_tariffa,updated_at
TBL voci_corrispettivo :: aliquota_iva,attiva,base,categoria,corrispettivo,descrizione,id,numero_mese,offerta_id,ordine,origine,unita_misura,variabile_per_mese
TBL simulazioni :: consumo_totale_kwh,consumof1,consumof2,consumof3,created_at,id,nome,potenza_contrattuale,prezzo_medio_kwh,spesa_accise,spesa_iva,spesa_materia_energia,spesa_oneri_sistema,spesa_trasporto,tipo_cliente,totale_annuale,totale_bimestrale,updated_at
TBL parametri_gestore :: accisa_domestico,accisa_non_domestico,altre_partite_in_imponibile,applica_soglia_esenzione,arim_quota_variabile,arrotonda_perdite,asos_quota_fissa,asos_quota_variabile,commercializzazione_mese,corr_aggregazione_misure,corr_dis_rtn,corr_gestione_capacita,corr_int,corr_mercato_capacita,corr_msd,corr_sal,corr_sbilanciamento,corr_ues_sicurezza,created_at,descrizione,dispbt,id,iva_domestico,iva_non_domestico,livello_tensione_default,nome_gestore,nome_profilo,pcv_variabile,percentuale_perdite,predefinito,soglia_esenzione_kwh_anno,soglia_massima_kwh_anno,spread_energia,trasporto_kw_mese,trasporto_kwh,trasporto_pod_mese,updated_at,usa_aliquota_iva_bolletta,valido_al,valido_dal
TBL bollette_concorrenti :: aliquota_iva_applicata,codice_offerta,created_at,data_fattura,fatturato_altre_partite,fatturato_imponibile,fatturato_imposte,fatturato_iva,fatturato_materia_energia,fatturato_oneri_sistema,fatturato_totale,fatturato_trasporto,id,indirizzo_fornitura,livello_tensione,nome_fornitore,nome_offerta,note,numero_fattura,opzione_tariffaria,periodo_al,periodo_dal,pod,potenza_disponibile,potenza_impegnata,ragione_sociale,tipologia_cliente,updated_at
TBL mesi_bolletta :: anno,bolletta_id,consumof1,consumof2,consumof3,id,lettura_attualef1,lettura_attualef2,lettura_attualef3,lettura_precedentef1,lettura_precedentef2,lettura_precedentef3,mese,nome_mese,numero_mese
TBL altre_partite :: al,aliquota_iva,bolletta_id,dal,descrizione,id,importo,ordine,soggetta_iva
TBL confronti :: bolletta_concorrente_id,concorrente_totale,created_at,gestore_altre_partite,gestore_imponibile,gestore_imposte,gestore_iva,gestore_materia_energia,gestore_oneri_sistema,gestore_totale,gestore_trasporto,id,nome_concorrente,nome_offerta_gestore,nome_profilo_parametri,offerta_gestore_id,parametri_gestore_id,risparmio_annuale,risparmio_bimestrale
]]></system-out>
    <system-err><![CDATA[WARNING: A Java agent has been loaded dynamically (/root/.m2/repository/net/bytebuddy/byte-buddy-agent/1.14.10/byte-buddy-agent-1.14.10.jar)
WARNING: If a serviceability tool is in use, please run with -XX:+EnableDynamicAgentLoading to hide this warning
WARNING: If a serviceability tool is not in use, please run with -Djdk.instrument.traceUsage for more information
WARNING: Dynamic loading of agents will be disallowed by default in a future release
]]></system-err>
  </testcase>
</testsuite>